<?xml version="1.0" encoding="UTF-8"?>
<coverage generated="1750083862">
  <project timestamp="1750083862">
    <file name="/home/runner/work/wp-module-deactivation/wp-module-deactivation/includes/Deactivation.php">
      <class name="NewfoldLabs\WP\Module\Deactivation\Deactivation" namespace="global">
        <metrics complexity="7" methods="4" coveredmethods="0" conditionals="0" coveredconditionals="0" statements="25" coveredstatements="0" elements="29" coveredelements="0"/>
      </class>
      <line num="30" type="method" name="__construct" visibility="public" complexity="1" crap="2" count="0"/>
      <line num="31" type="stmt" count="0"/>
      <line num="34" type="stmt" count="0"/>
      <line num="35" type="stmt" count="0"/>
      <line num="36" type="stmt" count="0"/>
      <line num="37" type="stmt" count="0"/>
      <line num="40" type="stmt" count="0"/>
      <line num="41" type="stmt" count="0"/>
      <line num="42" type="stmt" count="0"/>
      <line num="43" type="stmt" count="0"/>
      <line num="44" type="stmt" count="0"/>
      <line num="45" type="stmt" count="0"/>
      <line num="46" type="stmt" count="0"/>
      <line num="54" type="method" name="on_deactivate" visibility="public" complexity="1" crap="2" count="0"/>
      <line num="56" type="stmt" count="0"/>
      <line num="59" type="stmt" count="0"/>
      <line num="60" type="stmt" count="0"/>
      <line num="61" type="stmt" count="0"/>
      <line num="64" type="stmt" count="0"/>
      <line num="72" type="method" name="disable_coming_soon" visibility="public" complexity="4" crap="20" count="0"/>
      <line num="73" type="stmt" count="0"/>
      <line num="74" type="stmt" count="0"/>
      <line num="75" type="stmt" count="0"/>
      <line num="84" type="method" name="load_text_domain" visibility="public" complexity="1" crap="2" count="0"/>
      <line num="86" type="stmt" count="0"/>
      <line num="87" type="stmt" count="0"/>
      <line num="88" type="stmt" count="0"/>
      <line num="89" type="stmt" count="0"/>
      <line num="90" type="stmt" count="0"/>
      <metrics loc="93" ncloc="55" classes="1" methods="4" coveredmethods="0" conditionals="0" coveredconditionals="0" statements="25" coveredstatements="0" elements="29" coveredelements="0"/>
    </file>
    <file name="/home/runner/work/wp-module-deactivation/wp-module-deactivation/includes/DeactivationSurvey.php">
      <class name="NewfoldLabs\WP\Module\Deactivation\DeactivationSurvey" namespace="global">
        <metrics complexity="3" methods="3" coveredmethods="0" conditionals="0" coveredconditionals="0" statements="93" coveredstatements="0" elements="96" coveredelements="0"/>
      </class>
      <line num="24" type="method" name="__construct" visibility="public" complexity="1" crap="2" count="0"/>
      <line num="27" type="stmt" count="0"/>
      <line num="28" type="stmt" count="0"/>
      <line num="29" type="stmt" count="0"/>
      <line num="30" type="stmt" count="0"/>
      <line num="31" type="stmt" count="0"/>
      <line num="32" type="stmt" count="0"/>
      <line num="33" type="stmt" count="0"/>
      <line num="34" type="stmt" count="0"/>
      <line num="35" type="stmt" count="0"/>
      <line num="36" type="stmt" count="0"/>
      <line num="37" type="stmt" count="0"/>
      <line num="38" type="stmt" count="0"/>
      <line num="39" type="stmt" count="0"/>
      <line num="40" type="stmt" count="0"/>
      <line num="41" type="stmt" count="0"/>
      <line num="42" type="stmt" count="0"/>
      <line num="43" type="stmt" count="0"/>
      <line num="44" type="stmt" count="0"/>
      <line num="45" type="stmt" count="0"/>
      <line num="46" type="stmt" count="0"/>
      <line num="47" type="stmt" count="0"/>
      <line num="48" type="stmt" count="0"/>
      <line num="49" type="stmt" count="0"/>
      <line num="50" type="stmt" count="0"/>
      <line num="51" type="stmt" count="0"/>
      <line num="52" type="stmt" count="0"/>
      <line num="53" type="stmt" count="0"/>
      <line num="54" type="stmt" count="0"/>
      <line num="55" type="stmt" count="0"/>
      <line num="56" type="stmt" count="0"/>
      <line num="57" type="stmt" count="0"/>
      <line num="58" type="stmt" count="0"/>
      <line num="59" type="stmt" count="0"/>
      <line num="60" type="stmt" count="0"/>
      <line num="61" type="stmt" count="0"/>
      <line num="62" type="stmt" count="0"/>
      <line num="63" type="stmt" count="0"/>
      <line num="64" type="stmt" count="0"/>
      <line num="65" type="stmt" count="0"/>
      <line num="66" type="stmt" count="0"/>
      <line num="67" type="stmt" count="0"/>
      <line num="68" type="stmt" count="0"/>
      <line num="69" type="stmt" count="0"/>
      <line num="70" type="stmt" count="0"/>
      <line num="71" type="stmt" count="0"/>
      <line num="72" type="stmt" count="0"/>
      <line num="73" type="stmt" count="0"/>
      <line num="74" type="stmt" count="0"/>
      <line num="75" type="stmt" count="0"/>
      <line num="76" type="stmt" count="0"/>
      <line num="77" type="stmt" count="0"/>
      <line num="78" type="stmt" count="0"/>
      <line num="79" type="stmt" count="0"/>
      <line num="80" type="stmt" count="0"/>
      <line num="81" type="stmt" count="0"/>
      <line num="82" type="stmt" count="0"/>
      <line num="83" type="stmt" count="0"/>
      <line num="84" type="stmt" count="0"/>
      <line num="93" type="stmt" count="0"/>
      <line num="95" type="stmt" count="0"/>
      <line num="96" type="stmt" count="0"/>
      <line num="102" type="method" name="deactivation_survey_assets" visibility="public" complexity="1" crap="2" count="0"/>
      <line num="103" type="stmt" count="0"/>
      <line num="106" type="stmt" count="0"/>
      <line num="107" type="stmt" count="0"/>
      <line num="108" type="stmt" count="0"/>
      <line num="109" type="stmt" count="0"/>
      <line num="110" type="stmt" count="0"/>
      <line num="111" type="stmt" count="0"/>
      <line num="114" type="stmt" count="0"/>
      <line num="115" type="stmt" count="0"/>
      <line num="116" type="stmt" count="0"/>
      <line num="117" type="stmt" count="0"/>
      <line num="118" type="stmt" count="0"/>
      <line num="119" type="stmt" count="0"/>
      <line num="120" type="stmt" count="0"/>
      <line num="123" type="stmt" count="0"/>
      <line num="124" type="stmt" count="0"/>
      <line num="125" type="stmt" count="0"/>
      <line num="126" type="stmt" count="0"/>
      <line num="127" type="stmt" count="0"/>
      <line num="128" type="stmt" count="0"/>
      <line num="134" type="method" name="deactivation_survey_runtime" visibility="public" complexity="1" crap="2" count="0"/>
      <line num="135" type="stmt" count="0"/>
      <line num="139" type="stmt" count="0"/>
      <line num="140" type="stmt" count="0"/>
      <line num="141" type="stmt" count="0"/>
      <line num="142" type="stmt" count="0"/>
      <line num="143" type="stmt" count="0"/>
      <line num="144" type="stmt" count="0"/>
      <line num="145" type="stmt" count="0"/>
      <line num="146" type="stmt" count="0"/>
      <line num="147" type="stmt" count="0"/>
      <line num="148" type="stmt" count="0"/>
      <line num="149" type="stmt" count="0"/>
      <metrics loc="152" ncloc="122" classes="1" methods="3" coveredmethods="0" conditionals="0" coveredconditionals="0" statements="93" coveredstatements="0" elements="96" coveredelements="0"/>
    </file>
    <file name="/home/runner/work/wp-module-deactivation/wp-module-deactivation/includes/Events/Event.php">
      <class name="NewfoldLabs\WP\Module\Deactivation\Events\Event" namespace="global">
        <metrics complexity="2" methods="2" coveredmethods="0" conditionals="0" coveredconditionals="0" statements="12" coveredstatements="0" elements="14" coveredelements="0"/>
      </class>
      <line num="58" type="method" name="__construct" visibility="public" complexity="1" crap="2" count="0"/>
      <line num="59" type="stmt" count="0"/>
      <line num="60" type="stmt" count="0"/>
      <line num="61" type="stmt" count="0"/>
      <line num="69" type="method" name="sendEvent" visibility="public" complexity="1" crap="2" count="0"/>
      <line num="70" type="stmt" count="0"/>
      <line num="71" type="stmt" count="0"/>
      <line num="72" type="stmt" count="0"/>
      <line num="73" type="stmt" count="0"/>
      <line num="74" type="stmt" count="0"/>
      <line num="75" type="stmt" count="0"/>
      <line num="77" type="stmt" count="0"/>
      <line num="78" type="stmt" count="0"/>
      <metrics loc="81" ncloc="36" classes="1" methods="2" coveredmethods="0" conditionals="0" coveredconditionals="0" statements="12" coveredstatements="0" elements="14" coveredelements="0"/>
    </file>
    <file name="/home/runner/work/wp-module-deactivation/wp-module-deactivation/includes/Events/SiteLaunched.php">
      <class name="NewfoldLabs\WP\Module\Deactivation\Events\SiteLaunched" namespace="global">
        <metrics complexity="2" methods="2" coveredmethods="0" conditionals="0" coveredconditionals="0" statements="7" coveredstatements="0" elements="9" coveredelements="0"/>
      </class>
      <line num="19" type="method" name="send" visibility="public" complexity="1" crap="2" count="0"/>
      <line num="20" type="stmt" count="0"/>
      <line num="21" type="stmt" count="0"/>
      <line num="22" type="stmt" count="0"/>
      <line num="23" type="stmt" count="0"/>
      <line num="25" type="stmt" count="0"/>
      <line num="33" type="method" name="getInstallTime" visibility="private" complexity="1" crap="2" count="0"/>
      <line num="34" type="stmt" count="0"/>
      <line num="36" type="stmt" count="0"/>
      <metrics loc="39" ncloc="21" classes="1" methods="2" coveredmethods="0" conditionals="0" coveredconditionals="0" statements="7" coveredstatements="0" elements="9" coveredelements="0"/>
    </file>
    <metrics files="4" loc="365" ncloc="234" classes="4" methods="11" coveredmethods="0" conditionals="0" coveredconditionals="0" statements="137" coveredstatements="0" elements="148" coveredelements="0"/>
  </project>
</coverage>
